Flutter crash report; please file at https://github.com/flutter/flutter/issues.

## command

flutter run --machine --target lib\mainstuff\main.dart -d emulator-5554 --track-widget-creation --dart-define=flutter.inspector.structuredErrors=true --start-paused

## exception

FileSystemException: FileSystemException: Cannot open file, path = 'C:\Users\oussa\PsyTrack\.packages' (OS Error: The system cannot find the file specified.
, errno = 2)

```
#0      _File.throwIfError (dart:io/file_impl.dart:645:7)
#1      _File.openSync (dart:io/file_impl.dart:489:5)
#2      _File.readAsBytesSync (dart:io/file_impl.dart:549:18)
#3      ForwardingFile.readAsBytesSync (package:file/src/forwarding/forwarding_file.dart:95:62)
#4      ForwardingFile.readAsBytesSync (package:file/src/forwarding/forwarding_file.dart:95:62)
#5      _parse (package:flutter_tools/src/dart/package_map.dart:16:58)
#6      PackageMap.load (package:flutter_tools/src/dart/package_map.dart:49:14)
#7      PackageMap.map (package:flutter_tools/src/dart/package_map.dart:53:5)
#8      new PackageUriMapper (package:flutter_tools/src/compile.dart:199:116)
#9      DefaultResidentCompiler._recompile (package:flutter_tools/src/compile.dart:647:26)
#10     _RecompileRequest._run (package:flutter_tools/src/compile.dart:408:16)
#11     _CompilationRequest.run (package:flutter_tools/src/compile.dart:388:30)
#12     DefaultResidentCompiler._handleCompilationRequest (package:flutter_tools/src/compile.dart:693:23)
#13     _rootRunUnary (dart:async/zone.dart:1196:13)
#14     _CustomZone.runUnary (dart:async/zone.dart:1085:19)
#15     _CustomZone.runUnaryGuarded (dart:async/zone.dart:987:7)
#16     _BufferingStreamSubscription._sendData (dart:async/stream_impl.dart:339:11)
#17     _DelayedData.perform (dart:async/stream_impl.dart:594:14)
#18     _StreamImplEvents.handleNext (dart:async/stream_impl.dart:710:11)
#19     _PendingEvents.schedule.<anonymous closure> (dart:async/stream_impl.dart:670:7)
#20     _rootRun (dart:async/zone.dart:1180:38)
#21     _CustomZone.run (dart:async/zone.dart:1077:19)
#22     _CustomZone.runGuarded (dart:async/zone.dart:979:7)
#23     _CustomZone.bindCallbackGuarded.<anonymous closure> (dart:async/zone.dart:1019:23)
#24     _rootRun (dart:async/zone.dart:1184:13)
#25     _CustomZone.run (dart:async/zone.dart:1077:19)
#26     _CustomZone.runGuarded (dart:async/zone.dart:979:7)
#27     _CustomZone.bindCallbackGuarded.<anonymous closure> (dart:async/zone.dart:1019:23)
#28     _microtaskLoop (dart:async/schedule_microtask.dart:43:21)
#29     _startMicrotaskLoop (dart:async/schedule_microtask.dart:52:5)
#30     _runPendingImmediateCallback (dart:isolate-patch/isolate_patch.dart:118:13)
#31     _RawReceivePortImpl._handleMessage (dart:isolate-patch/isolate_patch.dart:169:5)
```

## flutter doctor

```
[✓] Flutter (Channel stable, v1.17.4, on Microsoft Windows [Version 10.0.19041.329], locale en-GB)
    • Flutter version 1.17.4 at C:\flutter
    • Framework revision 1ad9baa8b9 (11 days ago), 2020-06-17 14:41:16 -0700
    • Engine revision ee76268252
    • Dart version 2.8.4

[!] Android toolchain - develop for Android devices (Android SDK version 29.0.3)
    • Android SDK at C:\Users\oussa\AppData\Local\Android\Sdk
    • Platform android-29, build-tools 29.0.3
    • ANDROID_HOME = C:\Users\oussa\AppData\Local\Android\Sdk
    • Java binary at: C:\Program Files\Android\Android Studio\jre\bin\java
    • Java version OpenJDK Runtime Environment (build 1.8.0_242-release-1644-b01)
    ! Some Android licenses not accepted.  To resolve this, run: flutter doctor --android-licenses

[✓] Android Studio (version 4.0)
    • Android Studio at C:\Program Files\Android\Android Studio
    • Flutter plugin version 46.0.2
    • Dart plugin version 193.7361
    • Java version OpenJDK Runtime Environment (build 1.8.0_242-release-1644-b01)

[✓] VS Code (version 1.46.1)
    • VS Code at C:\Users\oussa\AppData\Local\Programs\Microsoft VS Code
    • Flutter extension version 3.12.0

[✓] Connected device (1 available)
    • Android SDK built for x86 • emulator-5554 • android-x86 • Android 10 (API 29) (emulator)

! Doctor found issues in 1 category.
```
